{"L":"\u001b[91mERROR\u001b[0m","T":"2024-12-04 19:27:19","C":"/Users/alin-youlinlin/Desktop/polaris-all_projects/codesandbox/service/runCppCode.go:48","M":"代码沙箱执行出错: 命令执行失败，退出码: 127，错误信息: "}
{"L":"\u001b[91mERROR\u001b[0m","T":"2024-12-04 21:00:10","C":"/Users/alin-youlinlin/Desktop/polaris-all_projects/codesandbox/service/runCppCode.go:52","M":"代码沙箱执行出错: 命令执行失败，退出码: 137，错误信息: "}
{"L":"\u001b[91mERROR\u001b[0m","T":"2024-12-05 00:06:25","C":"/Users/alin-youlinlin/Desktop/polaris-all_projects/codesandbox/service/runCppCode.go:37","M":"代码沙箱执行出错: MEMORY_LIMIT_EXCEEDED"}
{"L":"\u001b[91mERROR\u001b[0m","T":"2024-12-05 00:07:55","C":"/Users/alin-youlinlin/Desktop/polaris-all_projects/codesandbox/service/runCppCode.go:37","M":"代码沙箱执行出错: MEMORY_LIMIT_EXCEEDED"}
{"L":"\u001b[91mERROR\u001b[0m","T":"2024-12-05 00:11:54","C":"/Users/alin-youlinlin/Desktop/polaris-all_projects/codesandbox/service/runCppCode.go:37","M":"代码沙箱执行出错: MEMORY_LIMIT_EXCEEDED"}
{"L":"\u001b[91mERROR\u001b[0m","T":"2024-12-05 00:13:35","C":"/Users/alin-youlinlin/Desktop/polaris-all_projects/codesandbox/service/runCppCode.go:37","M":"代码沙箱执行出错: MEMORY_LIMIT_EXCEEDED"}
{"L":"\u001b[91mERROR\u001b[0m","T":"2024-12-05 00:32:30","C":"/Users/alin-youlinlin/Desktop/polaris-all_projects/codesandbox/service/runCppCode.go:37","M":"代码沙箱执行出错: MEMORY_LIMIT_EXCEEDED"}
{"L":"\u001b[91mERROR\u001b[0m","T":"2024-12-05 00:33:09","C":"/Users/alin-youlinlin/Desktop/polaris-all_projects/codesandbox/service/runCppCode.go:37","M":"代码沙箱执行出错: MEMORY_LIMIT_EXCEEDED"}
{"L":"\u001b[91mERROR\u001b[0m","T":"2024-12-05 00:33:26","C":"/Users/alin-youlinlin/Desktop/polaris-all_projects/codesandbox/service/runCppCode.go:37","M":"代码沙箱执行出错: MEMORY_LIMIT_EXCEEDED"}
{"L":"\u001b[91mERROR\u001b[0m","T":"2024-12-05 01:19:12","C":"/Users/alin-youlinlin/Desktop/polaris-all_projects/codesandbox/service/runCppCode.go:37","M":"代码沙箱执行出错: MEMORY_LIMIT_EXCEEDED"}
{"L":"\u001b[91mERROR\u001b[0m","T":"2024-12-05 01:24:13","C":"/Users/alin-youlinlin/Desktop/polaris-all_projects/codesandbox/service/runCppCode.go:37","M":"代码沙箱执行出错: MEMORY_LIMIT_EXCEEDED"}
{"L":"\u001b[91mERROR\u001b[0m","T":"2024-12-05 01:24:22","C":"/Users/alin-youlinlin/Desktop/polaris-all_projects/codesandbox/service/runCppCode.go:37","M":"代码沙箱执行出错: MEMORY_LIMIT_EXCEEDED"}
{"L":"\u001b[91mERROR\u001b[0m","T":"2024-12-05 01:24:41","C":"/Users/alin-youlinlin/Desktop/polaris-all_projects/codesandbox/service/runCppCode.go:37","M":"代码沙箱执行出错: MEMORY_LIMIT_EXCEEDED"}
{"L":"\u001b[91mERROR\u001b[0m","T":"2024-12-05 01:24:55","C":"/Users/alin-youlinlin/Desktop/polaris-all_projects/codesandbox/service/runCppCode.go:37","M":"代码沙箱执行出错: MEMORY_LIMIT_EXCEEDED"}
{"L":"\u001b[91mERROR\u001b[0m","T":"2024-12-05 01:25:13","C":"/Users/alin-youlinlin/Desktop/polaris-all_projects/codesandbox/service/runCppCode.go:37","M":"代码沙箱执行出错: MEMORY_LIMIT_EXCEEDED"}
{"L":"\u001b[91mERROR\u001b[0m","T":"2024-12-05 09:27:06","C":"/Users/alin-youlinlin/Desktop/polaris-all_projects/codesandbox/service/runCppCode.go:37","M":"代码沙箱执行出错: MEMORY_LIMIT_EXCEEDED"}
{"L":"\u001b[91mERROR\u001b[0m","T":"2024-12-05 09:27:29","C":"/Users/alin-youlinlin/Desktop/polaris-all_projects/codesandbox/service/runCppCode.go:37","M":"代码沙箱执行出错: TIME_LIMIT_EXCEEDED"}
{"L":"\u001b[91mERROR\u001b[0m","T":"2024-12-05 09:33:41","C":"/Users/alin-youlinlin/Desktop/polaris-all_projects/codesandbox/service/runCppCode.go:37","M":"代码沙箱执行出错: TIME_LIMIT_EXCEEDED"}
{"L":"\u001b[91mERROR\u001b[0m","T":"2024-12-06 10:48:52","C":"/Users/alin-youlinlin/Desktop/polaris-all_projects/codesandbox/api/api/handleRunAct.go:24","M":"代码沙箱执行出错: TIME_LIMIT_EXCEEDED"}
{"L":"\u001b[91mERROR\u001b[0m","T":"2024-12-06 10:49:32","C":"/Users/alin-youlinlin/Desktop/polaris-all_projects/codesandbox/api/api/handleRunAct.go:24","M":"代码沙箱执行出错: 命令执行失败，退出码: 1，错误信息: "}
{"L":"\u001b[91mERROR\u001b[0m","T":"2024-12-06 10:49:45","C":"/Users/alin-youlinlin/Desktop/polaris-all_projects/codesandbox/api/api/handleRunAct.go:24","M":"代码沙箱执行出错: 命令执行失败，退出码: 1，错误信息: "}
{"L":"\u001b[91mERROR\u001b[0m","T":"2024-12-06 10:51:05","C":"/Users/alin-youlinlin/Desktop/polaris-all_projects/codesandbox/api/api/handleRunAct.go:24","M":"代码沙箱执行出错: MEMORY_LIMIT_EXCEEDED"}
{"L":"\u001b[91mERROR\u001b[0m","T":"2024-12-06 16:10:03","C":"/Users/alin-youlinlin/Desktop/polaris-all_projects/codesandbox/api/api/handleRunAct.go:15","M":"代码沙箱执行出错: MEMORY_LIMIT_EXCEEDED"}
{"L":"\u001b[91mERROR\u001b[0m","T":"2024-12-06 16:56:41","C":"/Users/alin-youlinlin/Desktop/polaris-all_projects/codesandbox/api/api/handleSubmitAct.go:19","M":"代码沙箱执行出错: 命令执行失败，退出码: 137，错误信息: "}
{"L":"\u001b[91mERROR\u001b[0m","T":"2024-12-06 16:59:37","C":"/Users/alin-youlinlin/Desktop/polaris-all_projects/codesandbox/api/api/handleSubmitAct.go:19","M":"代码沙箱执行出错: MEMORY_LIMIT_EXCEEDED"}
{"L":"\u001b[91mERROR\u001b[0m","T":"2024-12-06 18:13:52","C":"/Users/alin-youlinlin/Desktop/polaris-all_projects/codesandbox/api/api/handleRunAct.go:15","M":"代码沙箱执行出错: MEMORY_LIMIT_EXCEEDED"}
{"L":"\u001b[91mERROR\u001b[0m","T":"2024-12-06 18:21:06","C":"/Users/alin-youlinlin/Desktop/polaris-all_projects/codesandbox/api/api/handleRunAct.go:15","M":"代码沙箱执行出错: 命令执行失败，退出码: 1，错误信息: "}
